<?xml version="1.0" encoding="UTF-8"?>
<!-- Generated by org.testng.reporters.JUnitXMLReporter -->
<testsuite ignored="0" hostname="SCTL-BA-I3-14" failures="0" tests="100" name="ieTest" time="0.968" errors="0" timestamp="07 Feb 2019 10:53:58 GMT">
  <testcase classname="testCase.SaleInvoiceNewCreate" name="@BeforeMethod setUP" time="0.007">
    <failure type="java.lang.NullPointerException">
      <![CDATA[java.lang.NullPointerException
at testCase.SaleInvoiceNewCreate.setUP(SaleInvoiceNewCreate.java:68)
at java.base/java.util.concurrent.FutureTask.run(FutureTask.java:264)
at java.base/java.util.concurrent.ThreadPoolExecutor.runWorker(ThreadPoolExecutor.java:1135)
at java.base/java.util.concurrent.ThreadPoolExecutor$Worker.run(ThreadPoolExecutor.java:635)
at java.base/java.lang.Thread.run(Thread.java:844)
... Removed 19 stack frames]]>
    </failure>
  </testcase> <!-- @BeforeMethod setUP -->
  <testcase classname="testCase.SaleInvoiceNewCreate" name="@BeforeMethod setUP" time="0.007">
    <failure type="java.lang.NullPointerException">
      <![CDATA[java.lang.NullPointerException
at testCase.SaleInvoiceNewCreate.setUP(SaleInvoiceNewCreate.java:68)
at java.base/java.util.concurrent.FutureTask.run(FutureTask.java:264)
at java.base/java.util.concurrent.ThreadPoolExecutor.runWorker(ThreadPoolExecutor.java:1135)
at java.base/java.util.concurrent.ThreadPoolExecutor$Worker.run(ThreadPoolExecutor.java:635)
at java.base/java.lang.Thread.run(Thread.java:844)
... Removed 19 stack frames]]>
    </failure>
  </testcase> <!-- @BeforeMethod setUP -->
  <testcase classname="testCase.SaleInvoiceNewCreate" name="@AfterMethod tearDown" time="0.0">
    <skipped/>
  </testcase> <!-- @AfterMethod tearDown -->
  <testcase classname="testCase.SaleInvoiceNewCreate" name="@BeforeMethod setUP" time="0.0">
    <skipped/>
  </testcase> <!-- @BeforeMethod setUP -->
  <testcase classname="testCase.SaleInvoiceNewCreate" name="@AfterMethod tearDown" time="0.0">
    <skipped/>
  </testcase> <!-- @AfterMethod tearDown -->
  <testcase classname="testCase.SaleInvoiceNewCreate" name="@BeforeMethod setUP" time="0.0">
    <skipped/>
  </testcase> <!-- @BeforeMethod setUP -->
  <testcase classname="testCase.SaleInvoiceNewCreate" name="@AfterMethod tearDown" time="0.0">
    <skipped/>
  </testcase> <!-- @AfterMethod tearDown -->
  <testcase classname="testCase.SaleInvoiceNewCreate" name="@BeforeMethod setUP" time="0.0">
    <skipped/>
  </testcase> <!-- @BeforeMethod setUP -->
  <testcase classname="testCase.SaleInvoiceNewCreate" name="@AfterMethod tearDown" time="0.0">
    <skipped/>
  </testcase> <!-- @AfterMethod tearDown -->
  <testcase classname="testCase.SaleInvoiceNewCreate" name="@BeforeMethod setUP" time="0.0">
    <skipped/>
  </testcase> <!-- @BeforeMethod setUP -->
  <testcase classname="testCase.SaleInvoiceNewCreate" name="@AfterMethod tearDown" time="0.0">
    <skipped/>
  </testcase> <!-- @AfterMethod tearDown -->
  <testcase classname="testCase.SaleInvoiceNewCreate" name="@BeforeMethod setUP" time="0.0">
    <skipped/>
  </testcase> <!-- @BeforeMethod setUP -->
  <testcase classname="testCase.SaleInvoiceNewCreate" name="@AfterMethod tearDown" time="0.0">
    <skipped/>
  </testcase> <!-- @AfterMethod tearDown -->
  <testcase classname="testCase.SaleInvoiceNewCreate" name="@AfterMethod tearDown" time="0.0">
    <skipped/>
  </testcase> <!-- @AfterMethod tearDown -->
  <testcase classname="testCase.SaleInvoiceNewCreate" name="@BeforeMethod setUP" time="0.0">
    <skipped/>
  </testcase> <!-- @BeforeMethod setUP -->
  <testcase classname="testCase.SaleInvoiceNewCreate" name="@BeforeMethod setUP" time="0.0">
    <skipped/>
  </testcase> <!-- @BeforeMethod setUP -->
  <testcase classname="testCase.SaleInvoiceNewCreate" name="@AfterMethod tearDown" time="0.0">
    <skipped/>
  </testcase> <!-- @AfterMethod tearDown -->
  <testcase classname="testCase.SaleInvoiceNewCreate" name="@BeforeMethod setUP" time="0.0">
    <skipped/>
  </testcase> <!-- @BeforeMethod setUP -->
  <testcase classname="testCase.SaleInvoiceNewCreate" name="@AfterMethod tearDown" time="0.0">
    <skipped/>
  </testcase> <!-- @AfterMethod tearDown -->
  <testcase classname="testCase.SaleInvoiceNewCreate" name="@BeforeMethod setUP" time="0.0">
    <skipped/>
  </testcase> <!-- @BeforeMethod setUP -->
  <testcase classname="testCase.SaleInvoiceNewCreate" name="@AfterMethod tearDown" time="0.0">
    <skipped/>
  </testcase> <!-- @AfterMethod tearDown -->
  <testcase classname="testCase.SaleInvoiceNewCreate" name="@BeforeMethod setUP" time="0.0">
    <skipped/>
  </testcase> <!-- @BeforeMethod setUP -->
  <testcase classname="testCase.SaleInvoiceNewCreate" name="@AfterMethod tearDown" time="0.0">
    <skipped/>
  </testcase> <!-- @AfterMethod tearDown -->
  <testcase classname="testCase.SaleInvoiceNewCreate" name="@BeforeMethod setUP" time="0.0">
    <skipped/>
  </testcase> <!-- @BeforeMethod setUP -->
  <testcase classname="testCase.SaleInvoiceNewCreate" name="@AfterMethod tearDown" time="0.0">
    <skipped/>
  </testcase> <!-- @AfterMethod tearDown -->
  <testcase classname="testCase.SaleInvoiceNewCreate" name="@BeforeMethod setUP" time="0.0">
    <skipped/>
  </testcase> <!-- @BeforeMethod setUP -->
  <testcase classname="testCase.SaleInvoiceNewCreate" name="@AfterMethod tearDown" time="0.0">
    <skipped/>
  </testcase> <!-- @AfterMethod tearDown -->
  <testcase classname="testCase.SaleInvoiceNewCreate" name="@AfterMethod tearDown" time="0.0">
    <skipped/>
  </testcase> <!-- @AfterMethod tearDown -->
  <testcase classname="testCase.SaleInvoiceNewCreate" name="@BeforeMethod setUP" time="0.0">
    <skipped/>
  </testcase> <!-- @BeforeMethod setUP -->
  <testcase classname="testCase.SaleInvoiceNewCreate" name="@AfterMethod tearDown" time="0.0">
    <skipped/>
  </testcase> <!-- @AfterMethod tearDown -->
  <testcase classname="testCase.SaleInvoiceNewCreate" name="@BeforeMethod setUP" time="0.0">
    <skipped/>
  </testcase> <!-- @BeforeMethod setUP -->
  <testcase classname="testCase.SaleInvoiceNewCreate" name="@BeforeMethod setUP" time="0.0">
    <skipped/>
  </testcase> <!-- @BeforeMethod setUP -->
  <testcase classname="testCase.SaleInvoiceNewCreate" name="@AfterMethod tearDown" time="0.0">
    <skipped/>
  </testcase> <!-- @AfterMethod tearDown -->
  <testcase classname="testCase.SaleInvoiceNewCreate" name="@BeforeMethod setUP" time="0.0">
    <skipped/>
  </testcase> <!-- @BeforeMethod setUP -->
  <testcase classname="testCase.SaleInvoiceNewCreate" name="@AfterMethod tearDown" time="0.0">
    <skipped/>
  </testcase> <!-- @AfterMethod tearDown -->
  <testcase classname="testCase.SaleInvoiceNewCreate" name="@AfterMethod tearDown" time="0.0">
    <skipped/>
  </testcase> <!-- @AfterMethod tearDown -->
  <testcase classname="testCase.SaleInvoiceNewCreate" name="@BeforeMethod setUP" time="0.0">
    <skipped/>
  </testcase> <!-- @BeforeMethod setUP -->
  <testcase classname="testCase.SaleInvoiceNewCreate" name="@AfterMethod tearDown" time="0.0">
    <skipped/>
  </testcase> <!-- @AfterMethod tearDown -->
  <testcase classname="testCase.SaleInvoiceNewCreate" name="@BeforeMethod setUP" time="0.0">
    <skipped/>
  </testcase> <!-- @BeforeMethod setUP -->
  <testcase classname="testCase.SaleInvoiceNewCreate" name="@AfterMethod tearDown" time="0.0">
    <skipped/>
  </testcase> <!-- @AfterMethod tearDown -->
  <testcase classname="testCase.SaleInvoiceNewCreate" name="@BeforeMethod setUP" time="0.0">
    <skipped/>
  </testcase> <!-- @BeforeMethod setUP -->
  <testcase classname="testCase.SaleInvoiceNewCreate" name="@AfterMethod tearDown" time="0.0">
    <skipped/>
  </testcase> <!-- @AfterMethod tearDown -->
  <testcase classname="testCase.SaleInvoiceNewCreate" name="@BeforeMethod setUP" time="0.0">
    <skipped/>
  </testcase> <!-- @BeforeMethod setUP -->
  <testcase classname="testCase.SaleInvoiceNewCreate" name="@AfterMethod tearDown" time="0.0">
    <skipped/>
  </testcase> <!-- @AfterMethod tearDown -->
  <testcase classname="testCase.SaleInvoiceNewCreate" name="@BeforeMethod setUP" time="0.0">
    <skipped/>
  </testcase> <!-- @BeforeMethod setUP -->
  <testcase classname="testCase.SaleInvoiceNewCreate" name="@BeforeMethod setUP" time="0.0">
    <skipped/>
  </testcase> <!-- @BeforeMethod setUP -->
  <testcase classname="testCase.SaleInvoiceNewCreate" name="@AfterMethod tearDown" time="0.0">
    <skipped/>
  </testcase> <!-- @AfterMethod tearDown -->
  <testcase classname="testCase.SaleInvoiceNewCreate" name="@AfterMethod tearDown" time="0.0">
    <skipped/>
  </testcase> <!-- @AfterMethod tearDown -->
  <testcase classname="testCase.SaleInvoiceNewCreate" name="@BeforeMethod setUP" time="0.0">
    <skipped/>
  </testcase> <!-- @BeforeMethod setUP -->
  <testcase classname="testCase.SaleInvoiceNewCreate" name="@BeforeMethod setUP" time="0.0">
    <skipped/>
  </testcase> <!-- @BeforeMethod setUP -->
  <testcase classname="testCase.SaleInvoiceNewCreate" name="@AfterMethod tearDown" time="0.0">
    <skipped/>
  </testcase> <!-- @AfterMethod tearDown -->
  <testcase classname="testCase.SaleInvoiceNewCreate" name="@AfterMethod tearDown" time="0.0">
    <skipped/>
  </testcase> <!-- @AfterMethod tearDown -->
  <testcase classname="testCase.SaleInvoiceNewCreate" name="@BeforeMethod setUP" time="0.0">
    <skipped/>
  </testcase> <!-- @BeforeMethod setUP -->
  <testcase classname="testCase.SaleInvoiceNewCreate" name="@BeforeMethod setUP" time="0.0">
    <skipped/>
  </testcase> <!-- @BeforeMethod setUP -->
  <testcase classname="testCase.SaleInvoiceNewCreate" name="@AfterMethod tearDown" time="0.0">
    <skipped/>
  </testcase> <!-- @AfterMethod tearDown -->
  <testcase classname="testCase.SaleInvoiceNewCreate" name="@BeforeMethod setUP" time="0.0">
    <skipped/>
  </testcase> <!-- @BeforeMethod setUP -->
  <testcase classname="testCase.SaleInvoiceNewCreate" name="@AfterMethod tearDown" time="0.0">
    <skipped/>
  </testcase> <!-- @AfterMethod tearDown -->
  <testcase classname="testCase.SaleInvoiceNewCreate" name="@BeforeMethod setUP" time="0.0">
    <skipped/>
  </testcase> <!-- @BeforeMethod setUP -->
  <testcase classname="testCase.SaleInvoiceNewCreate" name="@AfterMethod tearDown" time="0.0">
    <skipped/>
  </testcase> <!-- @AfterMethod tearDown -->
  <testcase classname="testCase.SaleInvoiceNewCreate" name="@BeforeMethod setUP" time="0.0">
    <skipped/>
  </testcase> <!-- @BeforeMethod setUP -->
  <testcase classname="testCase.SaleInvoiceNewCreate" name="@AfterMethod tearDown" time="0.0">
    <skipped/>
  </testcase> <!-- @AfterMethod tearDown -->
  <testcase classname="testCase.SaleInvoiceNewCreate" name="@BeforeMethod setUP" time="0.0">
    <skipped/>
  </testcase> <!-- @BeforeMethod setUP -->
  <testcase classname="testCase.SaleInvoiceNewCreate" name="@AfterMethod tearDown" time="0.0">
    <skipped/>
  </testcase> <!-- @AfterMethod tearDown -->
  <testcase classname="testCase.SaleInvoiceNewCreate" name="@BeforeMethod setUP" time="0.0">
    <skipped/>
  </testcase> <!-- @BeforeMethod setUP -->
  <testcase classname="testCase.SaleInvoiceNewCreate" name="@AfterMethod tearDown" time="0.0">
    <skipped/>
  </testcase> <!-- @AfterMethod tearDown -->
  <testcase classname="testCase.SaleInvoiceNewCreate" name="@BeforeMethod setUP" time="0.0">
    <skipped/>
  </testcase> <!-- @BeforeMethod setUP -->
  <testcase classname="testCase.SaleInvoiceNewCreate" name="@AfterMethod tearDown" time="0.0">
    <skipped/>
  </testcase> <!-- @AfterMethod tearDown -->
  <testcase classname="testCase.SaleInvoiceNewCreate" name="@BeforeMethod setUP" time="0.0">
    <skipped/>
  </testcase> <!-- @BeforeMethod setUP -->
  <testcase classname="testCase.SaleInvoiceNewCreate" name="@AfterMethod tearDown" time="0.0">
    <skipped/>
  </testcase> <!-- @AfterMethod tearDown -->
  <testcase classname="testCase.SaleInvoiceNewCreate" name="@BeforeMethod setUP" time="0.0">
    <skipped/>
  </testcase> <!-- @BeforeMethod setUP -->
  <testcase classname="testCase.SaleInvoiceNewCreate" name="@AfterMethod tearDown" time="0.0">
    <skipped/>
  </testcase> <!-- @AfterMethod tearDown -->
  <testcase classname="testCase.SaleInvoiceNewCreate" name="@AfterMethod tearDown" time="0.0">
    <skipped/>
  </testcase> <!-- @AfterMethod tearDown -->
  <testcase classname="testCase.SaleInvoiceNewCreate" name="@BeforeMethod setUP" time="0.0">
    <skipped/>
  </testcase> <!-- @BeforeMethod setUP -->
  <testcase classname="testCase.SaleInvoiceNewCreate" name="@BeforeMethod setUP" time="0.0">
    <skipped/>
  </testcase> <!-- @BeforeMethod setUP -->
  <testcase classname="testCase.SaleInvoiceNewCreate" name="@AfterMethod tearDown" time="0.0">
    <skipped/>
  </testcase> <!-- @AfterMethod tearDown -->
  <testcase classname="testCase.SaleInvoiceNewCreate" name="@BeforeMethod setUP" time="0.0">
    <skipped/>
  </testcase> <!-- @BeforeMethod setUP -->
  <testcase classname="testCase.SaleInvoiceNewCreate" name="@AfterMethod tearDown" time="0.0">
    <skipped/>
  </testcase> <!-- @AfterMethod tearDown -->
  <testcase classname="testCase.SaleInvoiceNewCreate" name="@BeforeMethod setUP" time="0.0">
    <skipped/>
  </testcase> <!-- @BeforeMethod setUP -->
  <testcase classname="testCase.SaleInvoiceNewCreate" name="@AfterMethod tearDown" time="0.0">
    <skipped/>
  </testcase> <!-- @AfterMethod tearDown -->
  <testcase classname="testCase.SaleInvoiceNewCreate" name="@BeforeMethod setUP" time="0.0">
    <skipped/>
  </testcase> <!-- @BeforeMethod setUP -->
  <testcase classname="testCase.SaleInvoiceNewCreate" name="@AfterMethod tearDown" time="0.0">
    <skipped/>
  </testcase> <!-- @AfterMethod tearDown -->
  <testcase classname="testCase.SaleInvoiceNewCreate" name="@BeforeMethod setUP" time="0.0">
    <skipped/>
  </testcase> <!-- @BeforeMethod setUP -->
  <testcase classname="testCase.SaleInvoiceNewCreate" name="@AfterMethod tearDown" time="0.0">
    <skipped/>
  </testcase> <!-- @AfterMethod tearDown -->
  <testcase classname="testCase.SaleInvoiceNewCreate" name="@BeforeMethod setUP" time="0.0">
    <skipped/>
  </testcase> <!-- @BeforeMethod setUP -->
  <testcase classname="testCase.SaleInvoiceNewCreate" name="@AfterMethod tearDown" time="0.0">
    <skipped/>
  </testcase> <!-- @AfterMethod tearDown -->
  <testcase classname="testCase.SaleInvoiceNewCreate" name="@BeforeMethod setUP" time="0.0">
    <skipped/>
  </testcase> <!-- @BeforeMethod setUP -->
  <testcase classname="testCase.SaleInvoiceNewCreate" name="@AfterMethod tearDown" time="0.0">
    <skipped/>
  </testcase> <!-- @AfterMethod tearDown -->
  <testcase classname="testCase.SaleInvoiceNewCreate" name="@BeforeMethod setUP" time="0.0">
    <skipped/>
  </testcase> <!-- @BeforeMethod setUP -->
  <testcase classname="testCase.SaleInvoiceNewCreate" name="@AfterMethod tearDown" time="0.0">
    <skipped/>
  </testcase> <!-- @AfterMethod tearDown -->
  <testcase classname="testCase.SaleInvoiceNewCreate" name="@BeforeMethod setUP" time="0.0">
    <skipped/>
  </testcase> <!-- @BeforeMethod setUP -->
  <testcase classname="testCase.SaleInvoiceNewCreate" name="@AfterMethod tearDown" time="0.0">
    <skipped/>
  </testcase> <!-- @AfterMethod tearDown -->
  <testcase classname="testCase.SaleInvoiceNewCreate" name="@BeforeMethod setUP" time="0.0">
    <skipped/>
  </testcase> <!-- @BeforeMethod setUP -->
  <testcase classname="testCase.SaleInvoiceNewCreate" name="@AfterMethod tearDown" time="0.0">
    <skipped/>
  </testcase> <!-- @AfterMethod tearDown -->
  <testcase classname="testCase.SaleInvoiceNewCreate" name="@BeforeMethod setUP" time="0.0">
    <skipped/>
  </testcase> <!-- @BeforeMethod setUP -->
  <testcase classname="testCase.SaleInvoiceNewCreate" name="@AfterMethod tearDown" time="0.0">
    <skipped/>
  </testcase> <!-- @AfterMethod tearDown -->
  <testcase classname="testCase.SaleInvoiceNewCreate" name="@BeforeMethod setUP" time="0.0">
    <skipped/>
  </testcase> <!-- @BeforeMethod setUP -->
  <testcase classname="testCase.SaleInvoiceNewCreate" name="@AfterMethod tearDown" time="0.0">
    <skipped/>
  </testcase> <!-- @AfterMethod tearDown -->
  <testcase classname="testCase.SaleInvoiceNewCreate" name="@BeforeMethod setUP" time="0.0">
    <skipped/>
  </testcase> <!-- @BeforeMethod setUP -->
  <testcase classname="testCase.SaleInvoiceNewCreate" name="@AfterMethod tearDown" time="0.0">
    <skipped/>
  </testcase> <!-- @AfterMethod tearDown -->
  <testcase classname="testCase.SaleInvoiceNewCreate" name="@BeforeMethod setUP" time="0.0">
    <skipped/>
  </testcase> <!-- @BeforeMethod setUP -->
  <testcase classname="testCase.SaleInvoiceNewCreate" name="@AfterMethod tearDown" time="0.0">
    <skipped/>
  </testcase> <!-- @AfterMethod tearDown -->
  <testcase classname="testCase.SaleInvoiceNewCreate" name="@BeforeMethod setUP" time="0.0">
    <skipped/>
  </testcase> <!-- @BeforeMethod setUP -->
  <testcase classname="testCase.SaleInvoiceNewCreate" name="@AfterMethod tearDown" time="0.0">
    <skipped/>
  </testcase> <!-- @AfterMethod tearDown -->
  <testcase classname="testCase.SaleInvoiceNewCreate" name="@AfterMethod tearDown" time="0.0">
    <skipped/>
  </testcase> <!-- @AfterMethod tearDown -->
  <testcase classname="testCase.SaleInvoiceNewCreate" name="@BeforeMethod setUP" time="0.0">
    <skipped/>
  </testcase> <!-- @BeforeMethod setUP -->
  <testcase classname="testCase.SaleInvoiceNewCreate" name="@AfterMethod tearDown" time="0.0">
    <skipped/>
  </testcase> <!-- @AfterMethod tearDown -->
  <testcase classname="testCase.SaleInvoiceNewCreate" name="@BeforeMethod setUP" time="0.0">
    <skipped/>
  </testcase> <!-- @BeforeMethod setUP -->
  <testcase classname="testCase.SaleInvoiceNewCreate" name="@AfterMethod tearDown" time="0.0">
    <skipped/>
  </testcase> <!-- @AfterMethod tearDown -->
  <testcase classname="testCase.SaleInvoiceNewCreate" name="@BeforeMethod setUP" time="0.0">
    <skipped/>
  </testcase> <!-- @BeforeMethod setUP -->
  <testcase classname="testCase.SaleInvoiceNewCreate" name="@BeforeMethod setUP" time="0.0">
    <skipped/>
  </testcase> <!-- @BeforeMethod setUP -->
  <testcase classname="testCase.SaleInvoiceNewCreate" name="@AfterMethod tearDown" time="0.0">
    <skipped/>
  </testcase> <!-- @AfterMethod tearDown -->
  <testcase classname="testCase.SaleInvoiceNewCreate" name="@AfterMethod tearDown" time="0.0">
    <skipped/>
  </testcase> <!-- @AfterMethod tearDown -->
  <testcase classname="testCase.SaleInvoiceNewCreate" name="@BeforeMethod setUP" time="0.0">
    <skipped/>
  </testcase> <!-- @BeforeMethod setUP -->
  <testcase classname="testCase.SaleInvoiceNewCreate" name="@AfterMethod tearDown" time="0.0">
    <skipped/>
  </testcase> <!-- @AfterMethod tearDown -->
  <testcase classname="testCase.SaleInvoiceNewCreate" name="@BeforeMethod setUP" time="0.0">
    <skipped/>
  </testcase> <!-- @BeforeMethod setUP -->
  <testcase classname="testCase.SaleInvoiceNewCreate" name="@AfterMethod tearDown" time="0.0">
    <skipped/>
  </testcase> <!-- @AfterMethod tearDown -->
  <testcase classname="testCase.SaleInvoiceNewCreate" name="@BeforeMethod setUP" time="0.0">
    <skipped/>
  </testcase> <!-- @BeforeMethod setUP -->
  <testcase classname="testCase.SaleInvoiceNewCreate" name="@AfterMethod tearDown" time="0.0">
    <skipped/>
  </testcase> <!-- @AfterMethod tearDown -->
  <testcase classname="testCase.SaleInvoiceNewCreate" name="@BeforeMethod setUP" time="0.0">
    <skipped/>
  </testcase> <!-- @BeforeMethod setUP -->
  <testcase classname="testCase.SaleInvoiceNewCreate" name="@AfterMethod tearDown" time="0.0">
    <skipped/>
  </testcase> <!-- @AfterMethod tearDown -->
  <testcase classname="testCase.SaleInvoiceNewCreate" name="@BeforeMethod setUP" time="0.0">
    <skipped/>
  </testcase> <!-- @BeforeMethod setUP -->
  <testcase classname="testCase.SaleInvoiceNewCreate" name="@AfterMethod tearDown" time="0.0">
    <skipped/>
  </testcase> <!-- @AfterMethod tearDown -->
  <testcase classname="testCase.SaleInvoiceNewCreate" name="@BeforeMethod setUP" time="0.0">
    <skipped/>
  </testcase> <!-- @BeforeMethod setUP -->
  <testcase classname="testCase.SaleInvoiceNewCreate" name="@AfterMethod tearDown" time="0.0">
    <skipped/>
  </testcase> <!-- @AfterMethod tearDown -->
  <testcase classname="testCase.SaleInvoiceNewCreate" name="@BeforeMethod setUP" time="0.0">
    <skipped/>
  </testcase> <!-- @BeforeMethod setUP -->
  <testcase classname="testCase.SaleInvoiceNewCreate" name="@AfterMethod tearDown" time="0.0">
    <skipped/>
  </testcase> <!-- @AfterMethod tearDown -->
  <testcase classname="testCase.SaleInvoiceNewCreate" name="@BeforeMethod setUP" time="0.0">
    <skipped/>
  </testcase> <!-- @BeforeMethod setUP -->
  <testcase classname="testCase.SaleInvoiceNewCreate" name="@AfterMethod tearDown" time="0.0">
    <skipped/>
  </testcase> <!-- @AfterMethod tearDown -->
  <testcase classname="testCase.SaleInvoiceNewCreate" name="@BeforeMethod setUP" time="0.0">
    <skipped/>
  </testcase> <!-- @BeforeMethod setUP -->
  <testcase classname="testCase.SaleInvoiceNewCreate" name="@AfterMethod tearDown" time="0.0">
    <skipped/>
  </testcase> <!-- @AfterMethod tearDown -->
  <testcase classname="testCase.SaleInvoiceNewCreate" name="@BeforeMethod setUP" time="0.0">
    <skipped/>
  </testcase> <!-- @BeforeMethod setUP -->
  <testcase classname="testCase.SaleInvoiceNewCreate" name="@AfterMethod tearDown" time="0.0">
    <skipped/>
  </testcase> <!-- @AfterMethod tearDown -->
  <testcase classname="testCase.SaleInvoiceNewCreate" name="@BeforeMethod setUP" time="0.0">
    <skipped/>
  </testcase> <!-- @BeforeMethod setUP -->
  <testcase classname="testCase.SaleInvoiceNewCreate" name="@AfterMethod tearDown" time="0.0">
    <skipped/>
  </testcase> <!-- @AfterMethod tearDown -->
  <testcase classname="testCase.SaleInvoiceNewCreate" name="@BeforeMethod setUP" time="0.0">
    <skipped/>
  </testcase> <!-- @BeforeMethod setUP -->
  <testcase classname="testCase.SaleInvoiceNewCreate" name="@BeforeMethod setUP" time="0.0">
    <skipped/>
  </testcase> <!-- @BeforeMethod setUP -->
  <testcase classname="testCase.SaleInvoiceNewCreate" name="@AfterMethod tearDown" time="0.0">
    <skipped/>
  </testcase> <!-- @AfterMethod tearDown -->
  <testcase classname="testCase.SaleInvoiceNewCreate" name="@AfterMethod tearDown" time="0.0">
    <skipped/>
  </testcase> <!-- @AfterMethod tearDown -->
  <testcase classname="testCase.SaleInvoiceNewCreate" name="@BeforeMethod setUP" time="0.0">
    <skipped/>
  </testcase> <!-- @BeforeMethod setUP -->
  <testcase classname="testCase.SaleInvoiceNewCreate" name="@AfterMethod tearDown" time="0.0">
    <skipped/>
  </testcase> <!-- @AfterMethod tearDown -->
  <testcase classname="testCase.SaleInvoiceNewCreate" name="@BeforeMethod setUP" time="0.0">
    <skipped/>
  </testcase> <!-- @BeforeMethod setUP -->
  <testcase classname="testCase.SaleInvoiceNewCreate" name="@AfterMethod tearDown" time="0.0">
    <skipped/>
  </testcase> <!-- @AfterMethod tearDown -->
  <testcase classname="testCase.SaleInvoiceNewCreate" name="@BeforeMethod setUP" time="0.0">
    <skipped/>
  </testcase> <!-- @BeforeMethod setUP -->
  <testcase classname="testCase.SaleInvoiceNewCreate" name="@AfterMethod tearDown" time="0.0">
    <skipped/>
  </testcase> <!-- @AfterMethod tearDown -->
  <testcase classname="testCase.SaleInvoiceNewCreate" name="@BeforeMethod setUP" time="0.0">
    <skipped/>
  </testcase> <!-- @BeforeMethod setUP -->
  <testcase classname="testCase.SaleInvoiceNewCreate" name="@BeforeMethod setUP" time="0.0">
    <skipped/>
  </testcase> <!-- @BeforeMethod setUP -->
  <testcase classname="testCase.SaleInvoiceNewCreate" name="@AfterMethod tearDown" time="0.0">
    <skipped/>
  </testcase> <!-- @AfterMethod tearDown -->
  <testcase classname="testCase.SaleInvoiceNewCreate" name="@BeforeMethod setUP" time="0.0">
    <skipped/>
  </testcase> <!-- @BeforeMethod setUP -->
  <testcase classname="testCase.SaleInvoiceNewCreate" name="@AfterMethod tearDown" time="0.0">
    <skipped/>
  </testcase> <!-- @AfterMethod tearDown -->
  <testcase classname="testCase.SaleInvoiceNewCreate" name="@BeforeMethod setUP" time="0.0">
    <skipped/>
  </testcase> <!-- @BeforeMethod setUP -->
  <testcase classname="testCase.SaleInvoiceNewCreate" name="@AfterMethod tearDown" time="0.0">
    <skipped/>
  </testcase> <!-- @AfterMethod tearDown -->
  <testcase classname="testCase.SaleInvoiceNewCreate" name="@BeforeMethod setUP" time="0.0">
    <skipped/>
  </testcase> <!-- @BeforeMethod setUP -->
  <testcase classname="testCase.SaleInvoiceNewCreate" name="@AfterMethod tearDown" time="0.0">
    <skipped/>
  </testcase> <!-- @AfterMethod tearDown -->
  <testcase classname="testCase.SaleInvoiceNewCreate" name="@BeforeMethod setUP" time="0.0">
    <skipped/>
  </testcase> <!-- @BeforeMethod setUP -->
  <testcase classname="testCase.SaleInvoiceNewCreate" name="@AfterMethod tearDown" time="0.0">
    <skipped/>
  </testcase> <!-- @AfterMethod tearDown -->
  <testcase classname="testCase.SaleInvoiceNewCreate" name="@BeforeMethod setUP" time="0.0">
    <skipped/>
  </testcase> <!-- @BeforeMethod setUP -->
  <testcase classname="testCase.SaleInvoiceNewCreate" name="@AfterMethod tearDown" time="0.0">
    <skipped/>
  </testcase> <!-- @AfterMethod tearDown -->
  <testcase classname="testCase.SaleInvoiceNewCreate" name="@AfterMethod tearDown" time="0.0">
    <skipped/>
  </testcase> <!-- @AfterMethod tearDown -->
  <testcase classname="testCase.SaleInvoiceNewCreate" name="@BeforeMethod setUP" time="0.0">
    <skipped/>
  </testcase> <!-- @BeforeMethod setUP -->
  <testcase classname="testCase.SaleInvoiceNewCreate" name="@AfterMethod tearDown" time="0.0">
    <skipped/>
  </testcase> <!-- @AfterMethod tearDown -->
  <testcase classname="testCase.SaleInvoiceNewCreate" name="@BeforeMethod setUP" time="0.0">
    <skipped/>
  </testcase> <!-- @BeforeMethod setUP -->
  <testcase classname="testCase.SaleInvoiceNewCreate" name="@AfterMethod tearDown" time="0.0">
    <skipped/>
  </testcase> <!-- @AfterMethod tearDown -->
  <testcase classname="testCase.SaleInvoiceNewCreate" name="@BeforeMethod setUP" time="0.0">
    <skipped/>
  </testcase> <!-- @BeforeMethod setUP -->
  <testcase classname="testCase.SaleInvoiceNewCreate" name="@AfterMethod tearDown" time="0.0">
    <skipped/>
  </testcase> <!-- @AfterMethod tearDown -->
  <testcase classname="testCase.SaleInvoiceNewCreate" name="@BeforeMethod setUP" time="0.0">
    <skipped/>
  </testcase> <!-- @BeforeMethod setUP -->
  <testcase classname="testCase.SaleInvoiceNewCreate" name="@AfterMethod tearDown" time="0.0">
    <skipped/>
  </testcase> <!-- @AfterMethod tearDown -->
  <testcase classname="testCase.SaleInvoiceNewCreate" name="@BeforeMethod setUP" time="0.0">
    <skipped/>
  </testcase> <!-- @BeforeMethod setUP -->
  <testcase classname="testCase.SaleInvoiceNewCreate" name="@AfterMethod tearDown" time="0.0">
    <skipped/>
  </testcase> <!-- @AfterMethod tearDown -->
  <testcase classname="testCase.SaleInvoiceNewCreate" name="@BeforeMethod setUP" time="0.0">
    <skipped/>
  </testcase> <!-- @BeforeMethod setUP -->
  <testcase classname="testCase.SaleInvoiceNewCreate" name="@AfterMethod tearDown" time="0.0">
    <skipped/>
  </testcase> <!-- @AfterMethod tearDown -->
  <testcase classname="testCase.SaleInvoiceNewCreate" name="@BeforeMethod setUP" time="0.0">
    <skipped/>
  </testcase> <!-- @BeforeMethod setUP -->
  <testcase classname="testCase.SaleInvoiceNewCreate" name="@AfterMethod tearDown" time="0.0">
    <skipped/>
  </testcase> <!-- @AfterMethod tearDown -->
  <testcase classname="testCase.SaleInvoiceNewCreate" name="@BeforeMethod setUP" time="0.0">
    <skipped/>
  </testcase> <!-- @BeforeMethod setUP -->
  <testcase classname="testCase.SaleInvoiceNewCreate" name="@AfterMethod tearDown" time="0.0">
    <skipped/>
  </testcase> <!-- @AfterMethod tearDown -->
  <testcase classname="testCase.SaleInvoiceNewCreate" name="@BeforeMethod setUP" time="0.0">
    <skipped/>
  </testcase> <!-- @BeforeMethod setUP -->
  <testcase classname="testCase.SaleInvoiceNewCreate" name="@BeforeMethod setUP" time="0.0">
    <skipped/>
  </testcase> <!-- @BeforeMethod setUP -->
  <testcase classname="testCase.SaleInvoiceNewCreate" name="@AfterMethod tearDown" time="0.0">
    <skipped/>
  </testcase> <!-- @AfterMethod tearDown -->
  <testcase classname="testCase.SaleInvoiceNewCreate" name="@BeforeMethod setUP" time="0.0">
    <skipped/>
  </testcase> <!-- @BeforeMethod setUP -->
  <testcase classname="testCase.SaleInvoiceNewCreate" name="@AfterMethod tearDown" time="0.0">
    <skipped/>
  </testcase> <!-- @AfterMethod tearDown -->
  <testcase classname="testCase.SaleInvoiceNewCreate" name="@BeforeMethod setUP" time="0.0">
    <skipped/>
  </testcase> <!-- @BeforeMethod setUP -->
  <testcase classname="testCase.SaleInvoiceNewCreate" name="@AfterMethod tearDown" time="0.0">
    <skipped/>
  </testcase> <!-- @AfterMethod tearDown -->
  <testcase classname="testCase.SaleInvoiceNewCreate" name="@BeforeMethod setUP" time="0.0">
    <skipped/>
  </testcase> <!-- @BeforeMethod setUP -->
  <testcase classname="testCase.SaleInvoiceNewCreate" name="@AfterMethod tearDown" time="0.0">
    <skipped/>
  </testcase> <!-- @AfterMethod tearDown -->
  <testcase classname="testCase.SaleInvoiceNewCreate" name="@BeforeMethod setUP" time="0.0">
    <skipped/>
  </testcase> <!-- @BeforeMethod setUP -->
  <testcase classname="testCase.SaleInvoiceNewCreate" name="@AfterMethod tearDown" time="0.0">
    <skipped/>
  </testcase> <!-- @AfterMethod tearDown -->
  <testcase classname="testCase.SaleInvoiceNewCreate" name="@BeforeMethod setUP" time="0.0">
    <skipped/>
  </testcase> <!-- @BeforeMethod setUP -->
  <testcase classname="testCase.SaleInvoiceNewCreate" name="@AfterMethod tearDown" time="0.0">
    <skipped/>
  </testcase> <!-- @AfterMethod tearDown -->
  <testcase classname="testCase.SaleInvoiceNewCreate" name="@BeforeMethod setUP" time="0.0">
    <skipped/>
  </testcase> <!-- @BeforeMethod setUP -->
  <testcase classname="testCase.SaleInvoiceNewCreate" name="@AfterMethod tearDown" time="0.0">
    <skipped/>
  </testcase> <!-- @AfterMethod tearDown -->
  <testcase classname="testCase.SaleInvoiceNewCreate" name="@BeforeMethod setUP" time="0.0">
    <skipped/>
  </testcase> <!-- @BeforeMethod setUP -->
  <testcase classname="testCase.SaleInvoiceNewCreate" name="@AfterMethod tearDown" time="0.0">
    <skipped/>
  </testcase> <!-- @AfterMethod tearDown -->
  <testcase classname="testCase.SaleInvoiceNewCreate" name="@BeforeMethod setUP" time="0.0">
    <skipped/>
  </testcase> <!-- @BeforeMethod setUP -->
  <testcase classname="testCase.SaleInvoiceNewCreate" name="@AfterMethod tearDown" time="0.0">
    <skipped/>
  </testcase> <!-- @AfterMethod tearDown -->
  <testcase classname="testCase.SaleInvoiceNewCreate" name="@AfterMethod tearDown" time="0.0">
    <skipped/>
  </testcase> <!-- @AfterMethod tearDown -->
  <testcase classname="testCase.SaleInvoiceNewCreate" name="@BeforeMethod setUP" time="0.0">
    <skipped/>
  </testcase> <!-- @BeforeMethod setUP -->
  <testcase classname="testCase.SaleInvoiceNewCreate" name="@AfterMethod tearDown" time="0.0">
    <skipped/>
  </testcase> <!-- @AfterMethod tearDown -->
  <testcase classname="testCase.SaleInvoiceNewCreate" name="@BeforeMethod setUP" time="0.0">
    <skipped/>
  </testcase> <!-- @BeforeMethod setUP -->
  <testcase classname="testCase.SaleInvoiceNewCreate" name="@AfterMethod tearDown" time="0.0">
    <skipped/>
  </testcase> <!-- @AfterMethod tearDown -->
  <testcase classname="testCase.SaleInvoiceNewCreate" name="@BeforeMethod setUP" time="0.0">
    <skipped/>
  </testcase> <!-- @BeforeMethod setUP -->
  <testcase classname="testCase.SaleInvoiceNewCreate" name="@AfterMethod tearDown" time="0.0">
    <skipped/>
  </testcase> <!-- @AfterMethod tearDown -->
  <testcase classname="testCase.SaleInvoiceNewCreate" name="@BeforeMethod setUP" time="0.0">
    <skipped/>
  </testcase> <!-- @BeforeMethod setUP -->
  <testcase classname="testCase.SaleInvoiceNewCreate" name="@AfterMethod tearDown" time="0.0">
    <skipped/>
  </testcase> <!-- @AfterMethod tearDown -->
  <testcase classname="testCase.SaleInvoiceNewCreate" name="@BeforeMethod setUP" time="0.0">
    <skipped/>
  </testcase> <!-- @BeforeMethod setUP -->
  <testcase classname="testCase.SaleInvoiceNewCreate" name="@AfterMethod tearDown" time="0.0">
    <skipped/>
  </testcase> <!-- @AfterMethod tearDown -->
  <testcase classname="testCase.SaleInvoiceNewCreate" name="@BeforeMethod setUP" time="0.0">
    <skipped/>
  </testcase> <!-- @BeforeMethod setUP -->
  <testcase classname="testCase.SaleInvoiceNewCreate" name="@AfterMethod tearDown" time="0.0">
    <skipped/>
  </testcase> <!-- @AfterMethod tearDown -->
  <testcase classname="testCase.SaleInvoiceNewCreate" name="@BeforeMethod setUP" time="0.0">
    <skipped/>
  </testcase> <!-- @BeforeMethod setUP -->
  <testcase classname="testCase.SaleInvoiceNewCreate" name="@BeforeMethod setUP" time="0.0">
    <skipped/>
  </testcase> <!-- @BeforeMethod setUP -->
  <testcase classname="testCase.SaleInvoiceNewCreate" name="@AfterMethod tearDown" time="0.0">
    <skipped/>
  </testcase> <!-- @AfterMethod tearDown -->
  <testcase classname="testCase.SaleInvoiceNewCreate" name="@BeforeMethod setUP" time="0.0">
    <skipped/>
  </testcase> <!-- @BeforeMethod setUP -->
  <testcase classname="testCase.SaleInvoiceNewCreate" name="@AfterMethod tearDown" time="0.0">
    <skipped/>
  </testcase> <!-- @AfterMethod tearDown -->
  <testcase classname="testCase.SaleInvoiceNewCreate" name="@BeforeMethod setUP" time="0.0">
    <skipped/>
  </testcase> <!-- @BeforeMethod setUP -->
  <testcase classname="testCase.SaleInvoiceNewCreate" name="@AfterMethod tearDown" time="0.0">
    <skipped/>
  </testcase> <!-- @AfterMethod tearDown -->
  <testcase classname="testCase.SaleInvoiceNewCreate" name="@BeforeMethod setUP" time="0.0">
    <skipped/>
  </testcase> <!-- @BeforeMethod setUP -->
  <testcase classname="testCase.SaleInvoiceNewCreate" name="@AfterMethod tearDown" time="0.0">
    <skipped/>
  </testcase> <!-- @AfterMethod tearDown -->
  <testcase classname="testCase.SaleInvoiceNewCreate" name="@BeforeMethod setUP" time="0.0">
    <skipped/>
  </testcase> <!-- @BeforeMethod setUP -->
  <testcase classname="testCase.SaleInvoiceNewCreate" name="@AfterMethod tearDown" time="0.0">
    <skipped/>
  </testcase> <!-- @AfterMethod tearDown -->
  <testcase classname="testCase.SaleInvoiceNewCreate" name="@BeforeMethod setUP" time="0.0">
    <skipped/>
  </testcase> <!-- @BeforeMethod setUP -->
  <testcase classname="testCase.SaleInvoiceNewCreate" name="@AfterMethod tearDown" time="0.0">
    <skipped/>
  </testcase> <!-- @AfterMethod tearDown -->
  <testcase classname="testCase.SaleInvoiceNewCreate" name="@BeforeMethod setUP" time="0.0">
    <skipped/>
  </testcase> <!-- @BeforeMethod setUP -->
  <testcase classname="testCase.SaleInvoiceNewCreate" name="@AfterMethod tearDown" time="0.0">
    <skipped/>
  </testcase> <!-- @AfterMethod tearDown -->
  <testcase classname="testCase.SaleInvoiceNewCreate" name="@AfterMethod tearDown" time="0.0">
    <skipped/>
  </testcase> <!-- @AfterMethod tearDown -->
  <testcase classname="testCase.SaleInvoiceNewCreate" name="@BeforeMethod setUP" time="0.0">
    <skipped/>
  </testcase> <!-- @BeforeMethod setUP -->
  <testcase classname="testCase.SaleInvoiceNewCreate" name="@BeforeMethod setUP" time="0.0">
    <skipped/>
  </testcase> <!-- @BeforeMethod setUP -->
  <testcase classname="testCase.SaleInvoiceNewCreate" name="@AfterMethod tearDown" time="0.0">
    <skipped/>
  </testcase> <!-- @AfterMethod tearDown -->
  <testcase classname="testCase.SaleInvoiceNewCreate" name="@AfterMethod tearDown" time="0.0">
    <skipped/>
  </testcase> <!-- @AfterMethod tearDown -->
  <testcase classname="testCase.SaleInvoiceNewCreate" name="@BeforeMethod setUP" time="0.0">
    <skipped/>
  </testcase> <!-- @BeforeMethod setUP -->
  <testcase classname="testCase.SaleInvoiceNewCreate" name="@BeforeMethod setUP" time="0.0">
    <skipped/>
  </testcase> <!-- @BeforeMethod setUP -->
  <testcase classname="testCase.SaleInvoiceNewCreate" name="@AfterMethod tearDown" time="0.0">
    <skipped/>
  </testcase> <!-- @AfterMethod tearDown -->
  <testcase classname="testCase.SaleInvoiceNewCreate" name="@BeforeMethod setUP" time="0.0">
    <skipped/>
  </testcase> <!-- @BeforeMethod setUP -->
  <testcase classname="testCase.SaleInvoiceNewCreate" name="@AfterMethod tearDown" time="0.0">
    <skipped/>
  </testcase> <!-- @AfterMethod tearDown -->
  <testcase classname="testCase.SaleInvoiceNewCreate" name="@BeforeMethod setUP" time="0.0">
    <skipped/>
  </testcase> <!-- @BeforeMethod setUP -->
  <testcase classname="testCase.SaleInvoiceNewCreate" name="@AfterMethod tearDown" time="0.0">
    <skipped/>
  </testcase> <!-- @AfterMethod tearDown -->
  <testcase classname="testCase.SaleInvoiceNewCreate" name="@BeforeMethod setUP" time="0.0">
    <skipped/>
  </testcase> <!-- @BeforeMethod setUP -->
  <testcase classname="testCase.SaleInvoiceNewCreate" name="@AfterMethod tearDown" time="0.0">
    <skipped/>
  </testcase> <!-- @AfterMethod tearDown -->
  <testcase classname="testCase.SaleInvoiceNewCreate" name="@BeforeMethod setUP" time="0.0">
    <skipped/>
  </testcase> <!-- @BeforeMethod setUP -->
  <testcase classname="testCase.SaleInvoiceNewCreate" name="@AfterMethod tearDown" time="0.0">
    <skipped/>
  </testcase> <!-- @AfterMethod tearDown -->
  <testcase classname="testCase.SaleInvoiceNewCreate" name="@BeforeMethod setUP" time="0.0">
    <skipped/>
  </testcase> <!-- @BeforeMethod setUP -->
  <testcase classname="testCase.SaleInvoiceNewCreate" name="@AfterMethod tearDown" time="0.0">
    <skipped/>
  </testcase> <!-- @AfterMethod tearDown -->
  <testcase classname="testCase.SaleInvoiceNewCreate" name="@BeforeMethod setUP" time="0.0">
    <skipped/>
  </testcase> <!-- @BeforeMethod setUP -->
  <testcase classname="testCase.SaleInvoiceNewCreate" name="@AfterMethod tearDown" time="0.0">
    <skipped/>
  </testcase> <!-- @AfterMethod tearDown -->
  <testcase classname="testCase.SaleInvoiceNewCreate" name="@BeforeMethod setUP" time="0.0">
    <skipped/>
  </testcase> <!-- @BeforeMethod setUP -->
  <testcase classname="testCase.SaleInvoiceNewCreate" name="@AfterMethod tearDown" time="0.0">
    <skipped/>
  </testcase> <!-- @AfterMethod tearDown -->
  <testcase classname="testCase.SaleInvoiceNewCreate" name="@BeforeMethod setUP" time="0.0">
    <skipped/>
  </testcase> <!-- @BeforeMethod setUP -->
  <testcase classname="testCase.SaleInvoiceNewCreate" name="@AfterMethod tearDown" time="0.0">
    <skipped/>
  </testcase> <!-- @AfterMethod tearDown -->
  <testcase classname="testCase.SaleInvoiceNewCreate" name="@BeforeMethod setUP" time="0.0">
    <skipped/>
  </testcase> <!-- @BeforeMethod setUP -->
  <testcase classname="testCase.SaleInvoiceNewCreate" name="@AfterMethod tearDown" time="0.0">
    <skipped/>
  </testcase> <!-- @AfterMethod tearDown -->
  <testcase classname="testCase.SaleInvoiceNewCreate" name="@BeforeMethod setUP" time="0.0">
    <skipped/>
  </testcase> <!-- @BeforeMethod setUP -->
  <testcase classname="testCase.SaleInvoiceNewCreate" name="@AfterMethod tearDown" time="0.0">
    <skipped/>
  </testcase> <!-- @AfterMethod tearDown -->
  <testcase classname="testCase.SaleInvoiceNewCreate" name="@AfterMethod tearDown" time="0.0">
    <skipped/>
  </testcase> <!-- @AfterMethod tearDown -->
  <testcase classname="testCase.SaleInvoiceNewCreate" name="@BeforeMethod setUP" time="0.0">
    <skipped/>
  </testcase> <!-- @BeforeMethod setUP -->
  <testcase classname="testCase.SaleInvoiceNewCreate" name="@AfterMethod tearDown" time="0.0">
    <skipped/>
  </testcase> <!-- @AfterMethod tearDown -->
  <testcase classname="testCase.SaleInvoiceNewCreate" name="@BeforeMethod setUP" time="0.0">
    <skipped/>
  </testcase> <!-- @BeforeMethod setUP -->
  <testcase classname="testCase.SaleInvoiceNewCreate" name="@BeforeMethod setUP" time="0.0">
    <skipped/>
  </testcase> <!-- @BeforeMethod setUP -->
  <testcase classname="testCase.SaleInvoiceNewCreate" name="@AfterMethod tearDown" time="0.0">
    <skipped/>
  </testcase> <!-- @AfterMethod tearDown -->
  <testcase classname="testCase.SaleInvoiceNewCreate" name="@BeforeMethod setUP" time="0.0">
    <skipped/>
  </testcase> <!-- @BeforeMethod setUP -->
  <testcase classname="testCase.SaleInvoiceNewCreate" name="@AfterMethod tearDown" time="0.0">
    <skipped/>
  </testcase> <!-- @AfterMethod tearDown -->
  <testcase classname="testCase.SaleInvoiceNewCreate" name="@BeforeMethod setUP" time="0.0">
    <skipped/>
  </testcase> <!-- @BeforeMethod setUP -->
  <testcase classname="testCase.SaleInvoiceNewCreate" name="@AfterMethod tearDown" time="0.0">
    <skipped/>
  </testcase> <!-- @AfterMethod tearDown -->
  <testcase classname="testCase.SaleInvoiceNewCreate" name="@BeforeMethod setUP" time="0.0">
    <skipped/>
  </testcase> <!-- @BeforeMethod setUP -->
  <testcase classname="testCase.SaleInvoiceNewCreate" name="@AfterMethod tearDown" time="0.0">
    <skipped/>
  </testcase> <!-- @AfterMethod tearDown -->
  <testcase classname="testCase.SaleInvoiceNewCreate" name="@BeforeMethod setUP" time="0.0">
    <skipped/>
  </testcase> <!-- @BeforeMethod setUP -->
  <testcase classname="testCase.SaleInvoiceNewCreate" name="@AfterMethod tearDown" time="0.0">
    <skipped/>
  </testcase> <!-- @AfterMethod tearDown -->
  <testcase classname="testCase.SaleInvoiceNewCreate" name="@BeforeMethod setUP" time="0.0">
    <skipped/>
  </testcase> <!-- @BeforeMethod setUP -->
  <testcase classname="testCase.SaleInvoiceNewCreate" name="@AfterMethod tearDown" time="0.0">
    <skipped/>
  </testcase> <!-- @AfterMethod tearDown -->
  <testcase classname="testCase.SaleInvoiceNewCreate" name="@BeforeMethod setUP" time="0.0">
    <skipped/>
  </testcase> <!-- @BeforeMethod setUP -->
  <testcase classname="testCase.SaleInvoiceNewCreate" name="@AfterMethod tearDown" time="0.0">
    <skipped/>
  </testcase> <!-- @AfterMethod tearDown -->
  <testcase classname="testCase.SaleInvoiceNewCreate" name="@AfterMethod tearDown" time="0.0">
    <skipped/>
  </testcase> <!-- @AfterMethod tearDown -->
  <testcase classname="testCase.SaleInvoiceNewCreate" name="@BeforeMethod setUP" time="0.0">
    <skipped/>
  </testcase> <!-- @BeforeMethod setUP -->
  <testcase classname="testCase.SaleInvoiceNewCreate" name="@BeforeMethod setUP" time="0.0">
    <skipped/>
  </testcase> <!-- @BeforeMethod setUP -->
  <testcase classname="testCase.SaleInvoiceNewCreate" name="@AfterMethod tearDown" time="0.0">
    <skipped/>
  </testcase> <!-- @AfterMethod tearDown -->
  <testcase classname="testCase.SaleInvoiceNewCreate" name="@AfterMethod tearDown" time="0.0">
    <skipped/>
  </testcase> <!-- @AfterMethod tearDown -->
  <testcase classname="testCase.SaleInvoiceNewCreate" name="@BeforeMethod setUP" time="0.0">
    <skipped/>
  </testcase> <!-- @BeforeMethod setUP -->
  <testcase classname="testCase.SaleInvoiceNewCreate" name="@BeforeMethod setUP" time="0.0">
    <skipped/>
  </testcase> <!-- @BeforeMethod setUP -->
  <testcase classname="testCase.SaleInvoiceNewCreate" name="@AfterMethod tearDown" time="0.0">
    <skipped/>
  </testcase> <!-- @AfterMethod tearDown -->
  <testcase classname="testCase.SaleInvoiceNewCreate" name="@AfterMethod tearDown" time="0.0">
    <skipped/>
  </testcase> <!-- @AfterMethod tearDown -->
  <testcase classname="testCase.SaleInvoiceNewCreate" name="@BeforeMethod setUP" time="0.0">
    <skipped/>
  </testcase> <!-- @BeforeMethod setUP -->
  <testcase classname="testCase.SaleInvoiceNewCreate" name="@AfterMethod tearDown" time="0.0">
    <skipped/>
  </testcase> <!-- @AfterMethod tearDown -->
  <testcase classname="testCase.SaleInvoiceNewCreate" name="@BeforeMethod setUP" time="0.0">
    <skipped/>
  </testcase> <!-- @BeforeMethod setUP -->
  <testcase classname="testCase.SaleInvoiceNewCreate" name="@AfterMethod tearDown" time="0.0">
    <skipped/>
  </testcase> <!-- @AfterMethod tearDown -->
  <testcase classname="testCase.SaleInvoiceNewCreate" name="@BeforeMethod setUP" time="0.0">
    <skipped/>
  </testcase> <!-- @BeforeMethod setUP -->
  <testcase classname="testCase.SaleInvoiceNewCreate" name="@AfterMethod tearDown" time="0.0">
    <skipped/>
  </testcase> <!-- @AfterMethod tearDown -->
  <testcase classname="testCase.SaleInvoiceNewCreate" name="@BeforeMethod setUP" time="0.0">
    <skipped/>
  </testcase> <!-- @BeforeMethod setUP -->
  <testcase classname="testCase.SaleInvoiceNewCreate" name="@AfterMethod tearDown" time="0.0">
    <skipped/>
  </testcase> <!-- @AfterMethod tearDown -->
  <testcase classname="testCase.SaleInvoiceNewCreate" name="@BeforeMethod setUP" time="0.0">
    <skipped/>
  </testcase> <!-- @BeforeMethod setUP -->
  <testcase classname="testCase.SaleInvoiceNewCreate" name="@AfterMethod tearDown" time="0.0">
    <skipped/>
  </testcase> <!-- @AfterMethod tearDown -->
  <testcase classname="testCase.SaleInvoiceNewCreate" name="@BeforeMethod setUP" time="0.0">
    <skipped/>
  </testcase> <!-- @BeforeMethod setUP -->
  <testcase classname="testCase.SaleInvoiceNewCreate" name="@AfterMethod tearDown" time="0.0">
    <skipped/>
  </testcase> <!-- @AfterMethod tearDown -->
  <testcase classname="testCase.SaleInvoiceNewCreate" name="@BeforeMethod setUP" time="0.0">
    <skipped/>
  </testcase> <!-- @BeforeMethod setUP -->
  <testcase classname="testCase.SaleInvoiceNewCreate" name="@AfterMethod tearDown" time="0.0">
    <skipped/>
  </testcase> <!-- @AfterMethod tearDown -->
  <testcase classname="testCase.SaleInvoiceNewCreate" name="@BeforeMethod setUP" time="0.0">
    <skipped/>
  </testcase> <!-- @BeforeMethod setUP -->
  <testcase classname="testCase.SaleInvoiceNewCreate" name="@AfterMethod tearDown" time="0.0">
    <skipped/>
  </testcase> <!-- @AfterMethod tearDown -->
  <testcase classname="testCase.SaleInvoiceNewCreate" name="@BeforeMethod setUP" time="0.0">
    <skipped/>
  </testcase> <!-- @BeforeMethod setUP -->
  <testcase classname="testCase.SaleInvoiceNewCreate" name="@AfterMethod tearDown" time="0.0">
    <skipped/>
  </testcase> <!-- @AfterMethod tearDown -->
  <testcase classname="testCase.SaleInvoiceNewCreate" name="@BeforeMethod setUP" time="0.0">
    <skipped/>
  </testcase> <!-- @BeforeMethod setUP -->
  <testcase classname="testCase.SaleInvoiceNewCreate" name="@AfterMethod tearDown" time="0.0">
    <skipped/>
  </testcase> <!-- @AfterMethod tearDown -->
  <testcase classname="testCase.SaleInvoiceNewCreate" name="@BeforeMethod setUP" time="0.0">
    <skipped/>
  </testcase> <!-- @BeforeMethod setUP -->
  <testcase classname="testCase.SaleInvoiceNewCreate" name="@AfterMethod tearDown" time="0.0">
    <skipped/>
  </testcase> <!-- @AfterMethod tearDown -->
  <testcase classname="testCase.SaleInvoiceNewCreate" name="@BeforeMethod setUP" time="0.0">
    <skipped/>
  </testcase> <!-- @BeforeMethod setUP -->
  <testcase classname="testCase.SaleInvoiceNewCreate" name="@AfterMethod tearDown" time="0.0">
    <skipped/>
  </testcase> <!-- @AfterMethod tearDown -->
  <testcase classname="testCase.SaleInvoiceNewCreate" name="@BeforeMethod setUP" time="0.0">
    <skipped/>
  </testcase> <!-- @BeforeMethod setUP -->
  <testcase classname="testCase.SaleInvoiceNewCreate" name="@AfterMethod tearDown" time="0.0">
    <skipped/>
  </testcase> <!-- @AfterMethod tearDown -->
  <testcase classname="testCase.SaleInvoiceNewCreate" name="@BeforeMethod setUP" time="0.0">
    <skipped/>
  </testcase> <!-- @BeforeMethod setUP -->
  <testcase classname="testCase.SaleInvoiceNewCreate" name="@AfterMethod tearDown" time="0.0">
    <skipped/>
  </testcase> <!-- @AfterMethod tearDown -->
  <testcase classname="testCase.SaleInvoiceNewCreate" name="@BeforeMethod setUP" time="0.0">
    <skipped/>
  </testcase> <!-- @BeforeMethod setUP -->
  <testcase classname="testCase.SaleInvoiceNewCreate" name="@AfterMethod tearDown" time="0.0">
    <skipped/>
  </testcase> <!-- @AfterMethod tearDown -->
  <testcase classname="testCase.SaleInvoiceNewCreate" name="@BeforeMethod setUP" time="0.0">
    <skipped/>
  </testcase> <!-- @BeforeMethod setUP -->
  <testcase classname="testCase.SaleInvoiceNewCreate" name="@AfterMethod tearDown" time="0.0">
    <skipped/>
  </testcase> <!-- @AfterMethod tearDown -->
  <testcase classname="testCase.SaleInvoiceNewCreate" name="@BeforeMethod setUP" time="0.0">
    <skipped/>
  </testcase> <!-- @BeforeMethod setUP -->
  <testcase classname="testCase.SaleInvoiceNewCreate" name="@BeforeMethod setUP" time="0.0">
    <skipped/>
  </testcase> <!-- @BeforeMethod setUP -->
  <testcase classname="testCase.SaleInvoiceNewCreate" name="@AfterMethod tearDown" time="0.0">
    <skipped/>
  </testcase> <!-- @AfterMethod tearDown -->
  <testcase classname="testCase.SaleInvoiceNewCreate" name="@BeforeMethod setUP" time="0.0">
    <skipped/>
  </testcase> <!-- @BeforeMethod setUP -->
  <testcase classname="testCase.SaleInvoiceNewCreate" name="@AfterMethod tearDown" time="0.0">
    <skipped/>
  </testcase> <!-- @AfterMethod tearDown -->
  <testcase classname="testCase.SaleInvoiceNewCreate" name="@BeforeMethod setUP" time="0.0">
    <skipped/>
  </testcase> <!-- @BeforeMethod setUP -->
  <testcase classname="testCase.SaleInvoiceNewCreate" name="@AfterMethod tearDown" time="0.0">
    <skipped/>
  </testcase> <!-- @AfterMethod tearDown -->
  <testcase classname="testCase.SaleInvoiceNewCreate" name="@BeforeMethod setUP" time="0.0">
    <skipped/>
  </testcase> <!-- @BeforeMethod setUP -->
  <testcase classname="testCase.SaleInvoiceNewCreate" name="@AfterMethod tearDown" time="0.0">
    <skipped/>
  </testcase> <!-- @AfterMethod tearDown -->
  <testcase classname="testCase.SaleInvoiceNewCreate" name="@BeforeMethod setUP" time="0.0">
    <skipped/>
  </testcase> <!-- @BeforeMethod setUP -->
  <testcase classname="testCase.SaleInvoiceNewCreate" name="@AfterMethod tearDown" time="0.0">
    <skipped/>
  </testcase> <!-- @AfterMethod tearDown -->
  <testcase classname="testCase.SaleInvoiceNewCreate" name="@BeforeMethod setUP" time="0.0">
    <skipped/>
  </testcase> <!-- @BeforeMethod setUP -->
  <testcase classname="testCase.SaleInvoiceNewCreate" name="@AfterMethod tearDown" time="0.0">
    <skipped/>
  </testcase> <!-- @AfterMethod tearDown -->
  <testcase classname="testCase.SaleInvoiceNewCreate" name="@BeforeMethod setUP" time="0.0">
    <skipped/>
  </testcase> <!-- @BeforeMethod setUP -->
  <testcase classname="testCase.SaleInvoiceNewCreate" name="@AfterMethod tearDown" time="0.0">
    <skipped/>
  </testcase> <!-- @AfterMethod tearDown -->
  <testcase classname="testCase.SaleInvoiceNewCreate" name="@BeforeMethod setUP" time="0.0">
    <skipped/>
  </testcase> <!-- @BeforeMethod setUP -->
  <testcase classname="testCase.SaleInvoiceNewCreate" name="@AfterMethod tearDown" time="0.0">
    <skipped/>
  </testcase> <!-- @AfterMethod tearDown -->
  <testcase classname="testCase.SaleInvoiceNewCreate" name="@BeforeMethod setUP" time="0.0">
    <skipped/>
  </testcase> <!-- @BeforeMethod setUP -->
  <testcase classname="testCase.SaleInvoiceNewCreate" name="@AfterMethod tearDown" time="0.0">
    <skipped/>
  </testcase> <!-- @AfterMethod tearDown -->
  <testcase classname="testCase.SaleInvoiceNewCreate" name="@AfterMethod tearDown" time="0.0">
    <skipped/>
  </testcase> <!-- @AfterMethod tearDown -->
  <testcase classname="testCase.SaleInvoiceNewCreate" name="@BeforeMethod setUP" time="0.0">
    <skipped/>
  </testcase> <!-- @BeforeMethod setUP -->
  <testcase classname="testCase.SaleInvoiceNewCreate" name="@BeforeMethod setUP" time="0.0">
    <skipped/>
  </testcase> <!-- @BeforeMethod setUP -->
  <testcase classname="testCase.SaleInvoiceNewCreate" name="@AfterMethod tearDown" time="0.0">
    <skipped/>
  </testcase> <!-- @AfterMethod tearDown -->
  <testcase classname="testCase.SaleInvoiceNewCreate" name="@BeforeMethod setUP" time="0.0">
    <skipped/>
  </testcase> <!-- @BeforeMethod setUP -->
  <testcase classname="testCase.SaleInvoiceNewCreate" name="@AfterMethod tearDown" time="0.0">
    <skipped/>
  </testcase> <!-- @AfterMethod tearDown -->
  <testcase classname="testCase.SaleInvoiceNewCreate" name="@AfterMethod tearDown" time="0.0">
    <skipped/>
  </testcase> <!-- @AfterMethod tearDown -->
  <testcase classname="testCase.SaleInvoiceNewCreate" name="@BeforeMethod setUP" time="0.0">
    <skipped/>
  </testcase> <!-- @BeforeMethod setUP -->
  <testcase classname="testCase.SaleInvoiceNewCreate" name="@BeforeMethod setUP" time="0.0">
    <skipped/>
  </testcase> <!-- @BeforeMethod setUP -->
  <testcase classname="testCase.SaleInvoiceNewCreate" name="@AfterMethod tearDown" time="0.0">
    <skipped/>
  </testcase> <!-- @AfterMethod tearDown -->
  <testcase classname="testCase.SaleInvoiceNewCreate" name="@AfterMethod tearDown" time="0.0">
    <skipped/>
  </testcase> <!-- @AfterMethod tearDown -->
  <testcase classname="testCase.SaleInvoiceNewCreate" name="@BeforeMethod setUP" time="0.0">
    <skipped/>
  </testcase> <!-- @BeforeMethod setUP -->
  <testcase classname="testCase.SaleInvoiceNewCreate" name="@BeforeMethod setUP" time="0.0">
    <skipped/>
  </testcase> <!-- @BeforeMethod setUP -->
  <testcase classname="testCase.SaleInvoiceNewCreate" name="@AfterMethod tearDown" time="0.0">
    <skipped/>
  </testcase> <!-- @AfterMethod tearDown -->
  <testcase classname="testCase.SaleInvoiceNewCreate" name="@BeforeMethod setUP" time="0.0">
    <skipped/>
  </testcase> <!-- @BeforeMethod setUP -->
  <testcase classname="testCase.SaleInvoiceNewCreate" name="@AfterMethod tearDown" time="0.0">
    <skipped/>
  </testcase> <!-- @AfterMethod tearDown -->
  <testcase classname="testCase.SaleInvoiceNewCreate" name="@BeforeMethod setUP" time="0.0">
    <skipped/>
  </testcase> <!-- @BeforeMethod setUP -->
  <testcase classname="testCase.SaleInvoiceNewCreate" name="@AfterMethod tearDown" time="0.0">
    <skipped/>
  </testcase> <!-- @AfterMethod tearDown -->
  <testcase classname="testCase.SaleInvoiceNewCreate" name="@BeforeMethod setUP" time="0.0">
    <skipped/>
  </testcase> <!-- @BeforeMethod setUP -->
  <testcase classname="testCase.SaleInvoiceNewCreate" name="@AfterMethod tearDown" time="0.0">
    <skipped/>
  </testcase> <!-- @AfterMethod tearDown -->
  <testcase classname="testCase.SaleInvoiceNewCreate" name="@AfterMethod tearDown" time="0.0">
    <skipped/>
  </testcase> <!-- @AfterMethod tearDown -->
  <testcase classname="testCase.SaleInvoiceNewCreate" name="@BeforeMethod setUP" time="0.0">
    <skipped/>
  </testcase> <!-- @BeforeMethod setUP -->
  <testcase classname="testCase.SaleInvoiceNewCreate" name="@BeforeMethod setUP" time="0.0">
    <skipped/>
  </testcase> <!-- @BeforeMethod setUP -->
  <testcase classname="testCase.SaleInvoiceNewCreate" name="@AfterMethod tearDown" time="0.0">
    <skipped/>
  </testcase> <!-- @AfterMethod tearDown -->
  <testcase classname="testCase.SaleInvoiceNewCreate" name="@AfterMethod tearDown" time="0.0">
    <skipped/>
  </testcase> <!-- @AfterMethod tearDown -->
  <testcase classname="testCase.SaleInvoiceNewCreate" name="@BeforeMethod setUP" time="0.0">
    <skipped/>
  </testcase> <!-- @BeforeMethod setUP -->
  <testcase classname="testCase.SaleInvoiceNewCreate" name="@BeforeMethod setUP" time="0.0">
    <skipped/>
  </testcase> <!-- @BeforeMethod setUP -->
  <testcase classname="testCase.SaleInvoiceNewCreate" name="@AfterMethod tearDown" time="0.0">
    <skipped/>
  </testcase> <!-- @AfterMethod tearDown -->
  <testcase classname="testCase.SaleInvoiceNewCreate" name="@BeforeMethod setUP" time="0.0">
    <skipped/>
  </testcase> <!-- @BeforeMethod setUP -->
  <testcase classname="testCase.SaleInvoiceNewCreate" name="@AfterMethod tearDown" time="0.0">
    <skipped/>
  </testcase> <!-- @AfterMethod tearDown -->
  <testcase classname="testCase.SaleInvoiceNewCreate" name="@AfterMethod tearDown" time="0.0">
    <skipped/>
  </testcase> <!-- @AfterMethod tearDown -->
  <testcase classname="testCase.SaleInvoiceNewCreate" name="@BeforeMethod setUP" time="0.0">
    <skipped/>
  </testcase> <!-- @BeforeMethod setUP -->
  <testcase classname="testCase.SaleInvoiceNewCreate" name="@AfterMethod tearDown" time="0.0">
    <skipped/>
  </testcase> <!-- @AfterMethod tearDown -->
  <testcase classname="testCase.SaleInvoiceNewCreate" name="@BeforeMethod setUP" time="0.0">
    <skipped/>
  </testcase> <!-- @BeforeMethod setUP -->
  <testcase classname="testCase.SaleInvoiceNewCreate" name="@BeforeMethod setUP" time="0.0">
    <skipped/>
  </testcase> <!-- @BeforeMethod setUP -->
  <testcase classname="testCase.SaleInvoiceNewCreate" name="@AfterMethod tearDown" time="0.0">
    <skipped/>
  </testcase> <!-- @AfterMethod tearDown -->
  <testcase classname="testCase.SaleInvoiceNewCreate" name="@BeforeMethod setUP" time="0.0">
    <skipped/>
  </testcase> <!-- @BeforeMethod setUP -->
  <testcase classname="testCase.SaleInvoiceNewCreate" name="@AfterMethod tearDown" time="0.0">
    <skipped/>
  </testcase> <!-- @AfterMethod tearDown -->
  <testcase classname="testCase.SaleInvoiceNewCreate" name="@AfterMethod tearDown" time="0.0">
    <skipped/>
  </testcase> <!-- @AfterMethod tearDown -->
  <testcase classname="testCase.SaleInvoiceNewCreate" name="@BeforeMethod setUP" time="0.0">
    <skipped/>
  </testcase> <!-- @BeforeMethod setUP -->
  <testcase classname="testCase.SaleInvoiceNewCreate" name="@BeforeMethod setUP" time="0.0">
    <skipped/>
  </testcase> <!-- @BeforeMethod setUP -->
  <testcase classname="testCase.SaleInvoiceNewCreate" name="@AfterMethod tearDown" time="0.0">
    <skipped/>
  </testcase> <!-- @AfterMethod tearDown -->
  <testcase classname="testCase.SaleInvoiceNewCreate" name="@AfterMethod tearDown" time="0.0">
    <skipped/>
  </testcase> <!-- @AfterMethod tearDown -->
  <testcase classname="testCase.SaleInvoiceNewCreate" name="@BeforeMethod setUP" time="0.0">
    <skipped/>
  </testcase> <!-- @BeforeMethod setUP -->
  <testcase classname="testCase.SaleInvoiceNewCreate" name="@AfterMethod tearDown" time="0.0">
    <skipped/>
  </testcase> <!-- @AfterMethod tearDown -->
  <testcase classname="testCase.SaleInvoiceNewCreate" name="@BeforeMethod setUP" time="0.0">
    <skipped/>
  </testcase> <!-- @BeforeMethod setUP -->
  <testcase classname="testCase.SaleInvoiceNewCreate" name="@AfterMethod tearDown" time="0.0">
    <skipped/>
  </testcase> <!-- @AfterMethod tearDown -->
  <testcase classname="testCase.SaleInvoiceNewCreate" name="@BeforeMethod setUP" time="0.0">
    <skipped/>
  </testcase> <!-- @BeforeMethod setUP -->
  <testcase classname="testCase.SaleInvoiceNewCreate" name="@AfterMethod tearDown" time="0.0">
    <skipped/>
  </testcase> <!-- @AfterMethod tearDown -->
  <testcase classname="testCase.SaleInvoiceNewCreate" name="@BeforeMethod setUP" time="0.0">
    <skipped/>
  </testcase> <!-- @BeforeMethod setUP -->
  <testcase classname="testCase.SaleInvoiceNewCreate" name="@AfterMethod tearDown" time="0.0">
    <skipped/>
  </testcase> <!-- @AfterMethod tearDown -->
  <testcase classname="testCase.SaleInvoiceNewCreate" name="@BeforeMethod setUP" time="0.0">
    <skipped/>
  </testcase> <!-- @BeforeMethod setUP -->
  <testcase classname="testCase.SaleInvoiceNewCreate" name="@AfterMethod tearDown" time="0.0">
    <skipped/>
  </testcase> <!-- @AfterMethod tearDown -->
  <testcase classname="testCase.SaleInvoiceNewCreate" name="@BeforeMethod setUP" time="0.0">
    <skipped/>
  </testcase> <!-- @BeforeMethod setUP -->
  <testcase classname="testCase.SaleInvoiceNewCreate" name="@AfterMethod tearDown" time="0.0">
    <skipped/>
  </testcase> <!-- @AfterMethod tearDown -->
  <testcase classname="testCase.SaleInvoiceNewCreate" name="@BeforeMethod setUP" time="0.0">
    <skipped/>
  </testcase> <!-- @BeforeMethod setUP -->
  <testcase classname="testCase.SaleInvoiceNewCreate" name="@AfterMethod tearDown" time="0.0">
    <skipped/>
  </testcase> <!-- @AfterMethod tearDown -->
  <testcase classname="testCase.SaleInvoiceNewCreate" name="@BeforeMethod setUP" time="0.0">
    <skipped/>
  </testcase> <!-- @BeforeMethod setUP -->
  <testcase classname="testCase.SaleInvoiceNewCreate" name="@AfterMethod tearDown" time="0.0">
    <skipped/>
  </testcase> <!-- @AfterMethod tearDown -->
  <testcase classname="testCase.SaleInvoiceNewCreate" name="@BeforeMethod setUP" time="0.0">
    <skipped/>
  </testcase> <!-- @BeforeMethod setUP -->
  <testcase classname="testCase.SaleInvoiceNewCreate" name="@AfterMethod tearDown" time="0.0">
    <skipped/>
  </testcase> <!-- @AfterMethod tearDown -->
  <testcase classname="testCase.SaleInvoiceNewCreate" name="@BeforeMethod setUP" time="0.0">
    <skipped/>
  </testcase> <!-- @BeforeMethod setUP -->
  <testcase classname="testCase.SaleInvoiceNewCreate" name="@AfterMethod tearDown" time="0.0">
    <skipped/>
  </testcase> <!-- @AfterMethod tearDown -->
  <testcase classname="testCase.SaleInvoiceNewCreate" name="@BeforeMethod setUP" time="0.0">
    <skipped/>
  </testcase> <!-- @BeforeMethod setUP -->
  <testcase classname="testCase.SaleInvoiceNewCreate" name="@AfterMethod tearDown" time="0.0">
    <skipped/>
  </testcase> <!-- @AfterMethod tearDown -->
  <testcase classname="testCase.SaleInvoiceNewCreate" name="@BeforeMethod setUP" time="0.0">
    <skipped/>
  </testcase> <!-- @BeforeMethod setUP -->
  <testcase classname="testCase.SaleInvoiceNewCreate" name="@AfterMethod tearDown" time="0.0">
    <skipped/>
  </testcase> <!-- @AfterMethod tearDown -->
  <testcase classname="testCase.SaleInvoiceNewCreate" name="@BeforeMethod setUP" time="0.0">
    <skipped/>
  </testcase> <!-- @BeforeMethod setUP -->
  <testcase classname="testCase.SaleInvoiceNewCreate" name="@AfterMethod tearDown" time="0.0">
    <skipped/>
  </testcase> <!-- @AfterMethod tearDown -->
  <testcase classname="testCase.SaleInvoiceNewCreate" name="@BeforeMethod setUP" time="0.0">
    <skipped/>
  </testcase> <!-- @BeforeMethod setUP -->
  <testcase classname="testCase.SaleInvoiceNewCreate" name="@AfterMethod tearDown" time="0.0">
    <skipped/>
  </testcase> <!-- @AfterMethod tearDown -->
  <testcase classname="testCase.SaleInvoiceNewCreate" name="@BeforeMethod setUP" time="0.0">
    <skipped/>
  </testcase> <!-- @BeforeMethod setUP -->
  <testcase classname="testCase.SaleInvoiceNewCreate" name="@AfterMethod tearDown" time="0.0">
    <skipped/>
  </testcase> <!-- @AfterMethod tearDown -->
  <testcase classname="testCase.SaleInvoiceNewCreate" name="createSales" time="0.0">
    <skipped/>
  </testcase> <!-- createSales -->
  <testcase classname="testCase.SaleInvoiceNewCreate" name="createSales" time="0.0">
    <skipped/>
  </testcase> <!-- createSales -->
  <testcase classname="testCase.SaleInvoiceNewCreate" name="createSales" time="0.0">
    <skipped/>
  </testcase> <!-- createSales -->
  <testcase classname="testCase.SaleInvoiceNewCreate" name="createSales" time="0.0">
    <skipped/>
  </testcase> <!-- createSales -->
  <testcase classname="testCase.SaleInvoiceNewCreate" name="createSales" time="0.0">
    <skipped/>
  </testcase> <!-- createSales -->
  <testcase classname="testCase.SaleInvoiceNewCreate" name="createSales" time="0.0">
    <skipped/>
  </testcase> <!-- createSales -->
  <testcase classname="testCase.SaleInvoiceNewCreate" name="createSales" time="0.0">
    <skipped/>
  </testcase> <!-- createSales -->
  <testcase classname="testCase.SaleInvoiceNewCreate" name="createSales" time="0.0">
    <skipped/>
  </testcase> <!-- createSales -->
  <testcase classname="testCase.SaleInvoiceNewCreate" name="createSales" time="0.0">
    <skipped/>
  </testcase> <!-- createSales -->
  <testcase classname="testCase.SaleInvoiceNewCreate" name="createSales" time="0.0">
    <skipped/>
  </testcase> <!-- createSales -->
  <testcase classname="testCase.SaleInvoiceNewCreate" name="createSales" time="0.0">
    <skipped/>
  </testcase> <!-- createSales -->
  <testcase classname="testCase.SaleInvoiceNewCreate" name="createSales" time="0.0">
    <skipped/>
  </testcase> <!-- createSales -->
  <testcase classname="testCase.SaleInvoiceNewCreate" name="createSales" time="0.0">
    <skipped/>
  </testcase> <!-- createSales -->
  <testcase classname="testCase.SaleInvoiceNewCreate" name="createSales" time="0.0">
    <skipped/>
  </testcase> <!-- createSales -->
  <testcase classname="testCase.SaleInvoiceNewCreate" name="createSales" time="0.0">
    <skipped/>
  </testcase> <!-- createSales -->
  <testcase classname="testCase.SaleInvoiceNewCreate" name="createSales" time="0.0">
    <skipped/>
  </testcase> <!-- createSales -->
  <testcase classname="testCase.SaleInvoiceNewCreate" name="createSales" time="0.0">
    <skipped/>
  </testcase> <!-- createSales -->
  <testcase classname="testCase.SaleInvoiceNewCreate" name="createSales" time="0.0">
    <skipped/>
  </testcase> <!-- createSales -->
  <testcase classname="testCase.SaleInvoiceNewCreate" name="createSales" time="0.0">
    <skipped/>
  </testcase> <!-- createSales -->
  <testcase classname="testCase.SaleInvoiceNewCreate" name="createSales" time="0.0">
    <skipped/>
  </testcase> <!-- createSales -->
  <testcase classname="testCase.SaleInvoiceNewCreate" name="createSales" time="0.0">
    <skipped/>
  </testcase> <!-- createSales -->
  <testcase classname="testCase.SaleInvoiceNewCreate" name="createSales" time="0.0">
    <skipped/>
  </testcase> <!-- createSales -->
  <testcase classname="testCase.SaleInvoiceNewCreate" name="createSales" time="0.0">
    <skipped/>
  </testcase> <!-- createSales -->
  <testcase classname="testCase.SaleInvoiceNewCreate" name="createSales" time="0.0">
    <skipped/>
  </testcase> <!-- createSales -->
  <testcase classname="testCase.SaleInvoiceNewCreate" name="createSales" time="0.0">
    <skipped/>
  </testcase> <!-- createSales -->
  <testcase classname="testCase.SaleInvoiceNewCreate" name="createSales" time="0.0">
    <skipped/>
  </testcase> <!-- createSales -->
  <testcase classname="testCase.SaleInvoiceNewCreate" name="createSales" time="0.0">
    <skipped/>
  </testcase> <!-- createSales -->
  <testcase classname="testCase.SaleInvoiceNewCreate" name="createSales" time="0.0">
    <skipped/>
  </testcase> <!-- createSales -->
  <testcase classname="testCase.SaleInvoiceNewCreate" name="createSales" time="0.0">
    <skipped/>
  </testcase> <!-- createSales -->
  <testcase classname="testCase.SaleInvoiceNewCreate" name="createSales" time="0.0">
    <skipped/>
  </testcase> <!-- createSales -->
  <testcase classname="testCase.SaleInvoiceNewCreate" name="createSales" time="0.0">
    <skipped/>
  </testcase> <!-- createSales -->
  <testcase classname="testCase.SaleInvoiceNewCreate" name="createSales" time="0.0">
    <skipped/>
  </testcase> <!-- createSales -->
  <testcase classname="testCase.SaleInvoiceNewCreate" name="createSales" time="0.0">
    <skipped/>
  </testcase> <!-- createSales -->
  <testcase classname="testCase.SaleInvoiceNewCreate" name="createSales" time="0.0">
    <skipped/>
  </testcase> <!-- createSales -->
  <testcase classname="testCase.SaleInvoiceNewCreate" name="createSales" time="0.0">
    <skipped/>
  </testcase> <!-- createSales -->
  <testcase classname="testCase.SaleInvoiceNewCreate" name="createSales" time="0.0">
    <skipped/>
  </testcase> <!-- createSales -->
  <testcase classname="testCase.SaleInvoiceNewCreate" name="createSales" time="0.0">
    <skipped/>
  </testcase> <!-- createSales -->
  <testcase classname="testCase.SaleInvoiceNewCreate" name="createSales" time="0.0">
    <skipped/>
  </testcase> <!-- createSales -->
  <testcase classname="testCase.SaleInvoiceNewCreate" name="createSales" time="0.0">
    <skipped/>
  </testcase> <!-- createSales -->
  <testcase classname="testCase.SaleInvoiceNewCreate" name="createSales" time="0.0">
    <skipped/>
  </testcase> <!-- createSales -->
  <testcase classname="testCase.SaleInvoiceNewCreate" name="createSales" time="0.0">
    <skipped/>
  </testcase> <!-- createSales -->
  <testcase classname="testCase.SaleInvoiceNewCreate" name="createSales" time="0.0">
    <skipped/>
  </testcase> <!-- createSales -->
  <testcase classname="testCase.SaleInvoiceNewCreate" name="createSales" time="0.0">
    <skipped/>
  </testcase> <!-- createSales -->
  <testcase classname="testCase.SaleInvoiceNewCreate" name="createSales" time="0.0">
    <skipped/>
  </testcase> <!-- createSales -->
  <testcase classname="testCase.SaleInvoiceNewCreate" name="createSales" time="0.0">
    <skipped/>
  </testcase> <!-- createSales -->
  <testcase classname="testCase.SaleInvoiceNewCreate" name="createSales" time="0.0">
    <skipped/>
  </testcase> <!-- createSales -->
  <testcase classname="testCase.SaleInvoiceNewCreate" name="createSales" time="0.0">
    <skipped/>
  </testcase> <!-- createSales -->
  <testcase classname="testCase.SaleInvoiceNewCreate" name="createSales" time="0.0">
    <skipped/>
  </testcase> <!-- createSales -->
  <testcase classname="testCase.SaleInvoiceNewCreate" name="createSales" time="0.0">
    <skipped/>
  </testcase> <!-- createSales -->
  <testcase classname="testCase.SaleInvoiceNewCreate" name="createSales" time="0.0">
    <skipped/>
  </testcase> <!-- createSales -->
  <testcase classname="testCase.SaleInvoiceNewCreate" name="createSales" time="0.0">
    <skipped/>
  </testcase> <!-- createSales -->
  <testcase classname="testCase.SaleInvoiceNewCreate" name="createSales" time="0.0">
    <skipped/>
  </testcase> <!-- createSales -->
  <testcase classname="testCase.SaleInvoiceNewCreate" name="createSales" time="0.0">
    <skipped/>
  </testcase> <!-- createSales -->
  <testcase classname="testCase.SaleInvoiceNewCreate" name="createSales" time="0.0">
    <skipped/>
  </testcase> <!-- createSales -->
  <testcase classname="testCase.SaleInvoiceNewCreate" name="createSales" time="0.0">
    <skipped/>
  </testcase> <!-- createSales -->
  <testcase classname="testCase.SaleInvoiceNewCreate" name="createSales" time="0.0">
    <skipped/>
  </testcase> <!-- createSales -->
  <testcase classname="testCase.SaleInvoiceNewCreate" name="createSales" time="0.0">
    <skipped/>
  </testcase> <!-- createSales -->
  <testcase classname="testCase.SaleInvoiceNewCreate" name="createSales" time="0.0">
    <skipped/>
  </testcase> <!-- createSales -->
  <testcase classname="testCase.SaleInvoiceNewCreate" name="createSales" time="0.0">
    <skipped/>
  </testcase> <!-- createSales -->
  <testcase classname="testCase.SaleInvoiceNewCreate" name="createSales" time="0.0">
    <skipped/>
  </testcase> <!-- createSales -->
  <testcase classname="testCase.SaleInvoiceNewCreate" name="createSales" time="0.0">
    <skipped/>
  </testcase> <!-- createSales -->
  <testcase classname="testCase.SaleInvoiceNewCreate" name="createSales" time="0.0">
    <skipped/>
  </testcase> <!-- createSales -->
  <testcase classname="testCase.SaleInvoiceNewCreate" name="createSales" time="0.0">
    <skipped/>
  </testcase> <!-- createSales -->
  <testcase classname="testCase.SaleInvoiceNewCreate" name="createSales" time="0.0">
    <skipped/>
  </testcase> <!-- createSales -->
  <testcase classname="testCase.SaleInvoiceNewCreate" name="createSales" time="0.0">
    <skipped/>
  </testcase> <!-- createSales -->
  <testcase classname="testCase.SaleInvoiceNewCreate" name="createSales" time="0.0">
    <skipped/>
  </testcase> <!-- createSales -->
  <testcase classname="testCase.SaleInvoiceNewCreate" name="createSales" time="0.0">
    <skipped/>
  </testcase> <!-- createSales -->
  <testcase classname="testCase.SaleInvoiceNewCreate" name="createSales" time="0.0">
    <skipped/>
  </testcase> <!-- createSales -->
  <testcase classname="testCase.SaleInvoiceNewCreate" name="createSales" time="0.0">
    <skipped/>
  </testcase> <!-- createSales -->
  <testcase classname="testCase.SaleInvoiceNewCreate" name="createSales" time="0.0">
    <skipped/>
  </testcase> <!-- createSales -->
  <testcase classname="testCase.SaleInvoiceNewCreate" name="createSales" time="0.0">
    <skipped/>
  </testcase> <!-- createSales -->
  <testcase classname="testCase.SaleInvoiceNewCreate" name="createSales" time="0.0">
    <skipped/>
  </testcase> <!-- createSales -->
  <testcase classname="testCase.SaleInvoiceNewCreate" name="createSales" time="0.0">
    <skipped/>
  </testcase> <!-- createSales -->
  <testcase classname="testCase.SaleInvoiceNewCreate" name="createSales" time="0.0">
    <skipped/>
  </testcase> <!-- createSales -->
  <testcase classname="testCase.SaleInvoiceNewCreate" name="createSales" time="0.0">
    <skipped/>
  </testcase> <!-- createSales -->
  <testcase classname="testCase.SaleInvoiceNewCreate" name="createSales" time="0.0">
    <skipped/>
  </testcase> <!-- createSales -->
  <testcase classname="testCase.SaleInvoiceNewCreate" name="createSales" time="0.0">
    <skipped/>
  </testcase> <!-- createSales -->
  <testcase classname="testCase.SaleInvoiceNewCreate" name="createSales" time="0.0">
    <skipped/>
  </testcase> <!-- createSales -->
  <testcase classname="testCase.SaleInvoiceNewCreate" name="createSales" time="0.0">
    <skipped/>
  </testcase> <!-- createSales -->
  <testcase classname="testCase.SaleInvoiceNewCreate" name="createSales" time="0.0">
    <skipped/>
  </testcase> <!-- createSales -->
  <testcase classname="testCase.SaleInvoiceNewCreate" name="createSales" time="0.0">
    <skipped/>
  </testcase> <!-- createSales -->
  <testcase classname="testCase.SaleInvoiceNewCreate" name="createSales" time="0.0">
    <skipped/>
  </testcase> <!-- createSales -->
  <testcase classname="testCase.SaleInvoiceNewCreate" name="createSales" time="0.0">
    <skipped/>
  </testcase> <!-- createSales -->
  <testcase classname="testCase.SaleInvoiceNewCreate" name="createSales" time="0.0">
    <skipped/>
  </testcase> <!-- createSales -->
  <testcase classname="testCase.SaleInvoiceNewCreate" name="createSales" time="0.0">
    <skipped/>
  </testcase> <!-- createSales -->
  <testcase classname="testCase.SaleInvoiceNewCreate" name="createSales" time="0.0">
    <skipped/>
  </testcase> <!-- createSales -->
  <testcase classname="testCase.SaleInvoiceNewCreate" name="createSales" time="0.0">
    <skipped/>
  </testcase> <!-- createSales -->
  <testcase classname="testCase.SaleInvoiceNewCreate" name="createSales" time="0.0">
    <skipped/>
  </testcase> <!-- createSales -->
  <testcase classname="testCase.SaleInvoiceNewCreate" name="createSales" time="0.0">
    <skipped/>
  </testcase> <!-- createSales -->
  <testcase classname="testCase.SaleInvoiceNewCreate" name="createSales" time="0.0">
    <skipped/>
  </testcase> <!-- createSales -->
  <testcase classname="testCase.SaleInvoiceNewCreate" name="createSales" time="0.0">
    <skipped/>
  </testcase> <!-- createSales -->
  <testcase classname="testCase.SaleInvoiceNewCreate" name="createSales" time="0.0">
    <skipped/>
  </testcase> <!-- createSales -->
  <testcase classname="testCase.SaleInvoiceNewCreate" name="createSales" time="0.0">
    <skipped/>
  </testcase> <!-- createSales -->
  <testcase classname="testCase.SaleInvoiceNewCreate" name="createSales" time="0.0">
    <skipped/>
  </testcase> <!-- createSales -->
  <testcase classname="testCase.SaleInvoiceNewCreate" name="createSales" time="0.0">
    <skipped/>
  </testcase> <!-- createSales -->
  <testcase classname="testCase.SaleInvoiceNewCreate" name="createSales" time="0.0">
    <skipped/>
  </testcase> <!-- createSales -->
  <testcase classname="testCase.SaleInvoiceNewCreate" name="createSales" time="0.0">
    <skipped/>
  </testcase> <!-- createSales -->
  <testcase classname="testCase.SaleInvoiceNewCreate" name="createSales" time="0.0">
    <skipped/>
  </testcase> <!-- createSales -->
  <testcase classname="testCase.SaleInvoiceNewCreate" name="createSales" time="0.0">
    <skipped/>
  </testcase> <!-- createSales -->
  <testcase classname="testCase.SaleInvoiceNewCreate" name="createSales" time="0.0">
    <skipped/>
  </testcase> <!-- createSales -->
</testsuite> <!-- ieTest -->
