<?xml version="1.0" encoding="UTF-8"?>
<!-- Generated by org.testng.reporters.JUnitXMLReporter -->
<testsuite ignored="0" hostname="SCTL-BA-I3-14" failures="0" tests="3" name="Test" time="17.225" errors="0" timestamp="07 Feb 2019 10:08:53 GMT">
  <testcase classname="testCase.TestIEandEdge" name="golie" time="5.933"/>
  <testcase classname="testCase.TestIEandEdge" name="golie" time="5.264"/>
  <testcase classname="testCase.TestIEandEdge" name="golie" time="5.998"/>
</testsuite> <!-- Test -->
